<?xml version="1.0" encoding="UTF-8"?>
<!-- Generated by org.testng.reporters.JUnitReportReporter -->
<testsuite hostname="Shwethas-MacBook-Pro.local" failures="1" tests="23" name="com.dsalgo.qa.testcases.TreeTest" time="19.945" errors="0" timestamp="2022-05-15T15:25:08 PDT" skipped="3">
  <testcase classname="com.dsalgo.qa.testcases.TreeTest" name="portalTest" time="1.560"/>
  <system-out/>
  <testcase classname="com.dsalgo.qa.testcases.TreeTest" name="loginTest" time="0.691"/>
  <system-out/>
  <testcase classname="com.dsalgo.qa.testcases.TreeTest" name="loginTest" time="1.117"/>
  <system-out/>
  <testcase classname="com.dsalgo.qa.testcases.TreeTest" name="treeTest" time="0.170">
    <failure message="expected [Tree12345] but found [Tree]" type="java.lang.AssertionError">
      <![CDATA[java.lang.AssertionError: expected [Tree12345] but found [Tree]
at org.testng.Assert.fail(Assert.java:99)
at org.testng.Assert.failNotEquals(Assert.java:1037)
at org.testng.Assert.assertEqualsImpl(Assert.java:140)
at org.testng.Assert.assertEquals(Assert.java:122)
at org.testng.Assert.assertEquals(Assert.java:629)
at org.testng.Assert.assertEquals(Assert.java:639)
at com.dsalgo.qa.testcases.TreeTest.treeTest(TreeTest.java:149)
at java.base/jdk.internal.reflect.NativeMethodAccessorImpl.invoke0(Native Method)
at java.base/jdk.internal.reflect.NativeMethodAccessorImpl.invoke(NativeMethodAccessorImpl.java:62)
at java.base/jdk.internal.reflect.DelegatingMethodAccessorImpl.invoke(DelegatingMethodAccessorImpl.java:43)
at java.base/java.lang.reflect.Method.invoke(Method.java:567)
at org.testng.internal.MethodInvocationHelper.invokeMethod(MethodInvocationHelper.java:133)
at org.testng.internal.TestInvoker.invokeMethod(TestInvoker.java:598)
at org.testng.internal.TestInvoker.retryFailed(TestInvoker.java:213)
at org.testng.internal.MethodRunner.runInSequence(MethodRunner.java:58)
at org.testng.internal.TestInvoker$MethodInvocationAgent.invoke(TestInvoker.java:824)
at org.testng.internal.TestInvoker.invokeTestMethods(TestInvoker.java:146)
at org.testng.internal.TestMethodWorker.invokeTestMethods(TestMethodWorker.java:146)
at org.testng.internal.TestMethodWorker.run(TestMethodWorker.java:128)
at java.base/java.util.ArrayList.forEach(ArrayList.java:1540)
at org.testng.TestRunner.privateRun(TestRunner.java:794)
at org.testng.TestRunner.run(TestRunner.java:596)
at org.testng.SuiteRunner.runTest(SuiteRunner.java:377)
at org.testng.SuiteRunner.runSequentially(SuiteRunner.java:371)
at org.testng.SuiteRunner.privateRun(SuiteRunner.java:332)
at org.testng.SuiteRunner.run(SuiteRunner.java:276)
at org.testng.SuiteRunnerWorker.runSuite(SuiteRunnerWorker.java:53)
at org.testng.SuiteRunnerWorker.run(SuiteRunnerWorker.java:96)
at org.testng.TestNG.runSuitesSequentially(TestNG.java:1212)
at org.testng.TestNG.runSuitesLocally(TestNG.java:1134)
at org.testng.TestNG.runSuites(TestNG.java:1063)
at org.testng.TestNG.run(TestNG.java:1031)
at org.testng.remote.AbstractRemoteTestNG.run(AbstractRemoteTestNG.java:115)
at org.testng.remote.RemoteTestNG.initAndRun(RemoteTestNG.java:251)
at org.testng.remote.RemoteTestNG.main(RemoteTestNG.java:77)
]]>
    </failure>
  </testcase> <!-- treeTest -->
  <system-out/>
  <testcase classname="com.dsalgo.qa.testcases.TreeTest" name="treeTest" time="0.162">
    <skipped/>
  </testcase> <!-- treeTest -->
  <system-out/>
  <testcase classname="com.dsalgo.qa.testcases.TreeTest" name="treeTest" time="0.171">
    <skipped/>
  </testcase> <!-- treeTest -->
  <system-out/>
  <testcase classname="com.dsalgo.qa.testcases.TreeTest" name="treeTest" time="0.168">
    <skipped/>
  </testcase> <!-- treeTest -->
  <system-out/>
  <testcase classname="com.dsalgo.qa.testcases.TreeTest" name="treeLink1Test" time="1.636"/>
  <system-out/>
  <testcase classname="com.dsalgo.qa.testcases.TreeTest" name="link1EditorTest" time="0.907"/>
  <system-out/>
  <testcase classname="com.dsalgo.qa.testcases.TreeTest" name="treelink2Test" time="0.903"/>
  <system-out/>
  <testcase classname="com.dsalgo.qa.testcases.TreeTest" name="link2EditorTest" time="0.870"/>
  <system-out/>
  <testcase classname="com.dsalgo.qa.testcases.TreeTest" name="treelink3Test" time="0.984"/>
  <system-out/>
  <testcase classname="com.dsalgo.qa.testcases.TreeTest" name="link3EditorTest" time="0.963"/>
  <system-out/>
  <testcase classname="com.dsalgo.qa.testcases.TreeTest" name="treelink4Test" time="0.872"/>
  <system-out/>
  <testcase classname="com.dsalgo.qa.testcases.TreeTest" name="link4EditorTest" time="0.772"/>
  <system-out/>
  <testcase classname="com.dsalgo.qa.testcases.TreeTest" name="treelink5Test" time="0.908"/>
  <system-out/>
  <testcase classname="com.dsalgo.qa.testcases.TreeTest" name="link5EditorTest" time="0.870"/>
  <system-out/>
  <testcase classname="com.dsalgo.qa.testcases.TreeTest" name="treelink6Test" time="0.942"/>
  <system-out/>
  <testcase classname="com.dsalgo.qa.testcases.TreeTest" name="link6EditorTest" time="0.823"/>
  <system-out/>
  <testcase classname="com.dsalgo.qa.testcases.TreeTest" name="treelink7Test" time="1.012"/>
  <system-out/>
  <testcase classname="com.dsalgo.qa.testcases.TreeTest" name="link7EditorTest" time="0.934"/>
  <system-out/>
  <testcase classname="com.dsalgo.qa.testcases.TreeTest" name="treelink8Test" time="1.233"/>
  <system-out/>
  <testcase classname="com.dsalgo.qa.testcases.TreeTest" name="link8EditorTest" time="1.277"/>
  <system-out/>
</testsuite> <!-- com.dsalgo.qa.testcases.TreeTest -->
