<?xml version="1.0" encoding="UTF-8"?>
<!-- Generated by org.testng.reporters.JUnitReportReporter -->
<testsuite hostname="Shwethas-MacBook-Pro.local" failures="0" tests="3" name="com.dsalgo.qa.testcases.DataStructurePageTest" time="13.538" errors="0" timestamp="2022-05-15T15:25:08 PDT" skipped="0">
  <testcase classname="com.dsalgo.qa.testcases.DataStructurePageTest" name="firstlinkTest" time="6.592"/>
  <system-out/>
  <testcase classname="com.dsalgo.qa.testcases.DataStructurePageTest" name="loginTest" time="3.208"/>
  <system-out/>
  <testcase classname="com.dsalgo.qa.testcases.DataStructurePageTest" name="moduleTest" time="3.738"/>
  <system-out/>
</testsuite> <!-- com.dsalgo.qa.testcases.DataStructurePageTest -->
