<?xml version="1.0" encoding="UTF-8"?>
<!-- Generated by org.testng.reporters.JUnitReportReporter -->
<testsuite hostname="Shwethas-MacBook-Pro.local" failures="0" tests="1" name="com.dsalgo.qa.testcases.LinkedListTest" time="12.320" errors="0" timestamp="2022-05-15T15:25:08 PDT" skipped="0">
  <testcase classname="com.dsalgo.qa.testcases.LinkedListTest" name="linkedListTest" time="12.320"/>
  <system-out/>
</testsuite> <!-- com.dsalgo.qa.testcases.LinkedListTest -->
