<?xml version="1.0" encoding="UTF-8"?>
<!-- Generated by org.testng.reporters.JUnitReportReporter -->
<testsuite hostname="Shwethas-MacBook-Pro.local" failures="0" tests="3" name="com.dsalgo.qa.testcases.DataStructurePageTest" time="13.239" errors="0" timestamp="2022-05-16T12:47:42 PDT" skipped="0">
  <testcase classname="com.dsalgo.qa.testcases.DataStructurePageTest" name="loginTest" time="3.498"/>
  <system-out/>
  <testcase classname="com.dsalgo.qa.testcases.DataStructurePageTest" name="firstlinkTest" time="5.770"/>
  <system-out/>
  <testcase classname="com.dsalgo.qa.testcases.DataStructurePageTest" name="moduleTest" time="3.971"/>
  <system-out/>
</testsuite> <!-- com.dsalgo.qa.testcases.DataStructurePageTest -->
