<?xml version="1.0" encoding="UTF-8"?>
<!-- Generated by org.testng.reporters.JUnitReportReporter -->
<testsuite hostname="Shwethas-MacBook-Pro.local" failures="1" tests="23" name="com.dsalgo.qa.testcases.TreeTest" time="22.095" errors="0" timestamp="2022-05-16T12:47:42 PDT" skipped="3">
  <testcase classname="com.dsalgo.qa.testcases.TreeTest" name="portalTest" time="1.796"/>
  <system-out/>
  <testcase classname="com.dsalgo.qa.testcases.TreeTest" name="loginTest" time="0.631"/>
  <system-out/>
  <testcase classname="com.dsalgo.qa.testcases.TreeTest" name="loginTest" time="1.136"/>
  <system-out/>
  <testcase classname="com.dsalgo.qa.testcases.TreeTest" name="treeTest" time="0.182">
    <failure message="expected [Tree12345] but found [Tree]" type="java.lang.AssertionError">
      <![CDATA[java.lang.AssertionError: expected [Tree12345] but found [Tree]
at org.testng.Assert.fail(Assert.java:110)
at org.testng.Assert.failNotEquals(Assert.java:1413)
at org.testng.Assert.assertEqualsImpl(Assert.java:149)
at org.testng.Assert.assertEquals(Assert.java:131)
at org.testng.Assert.assertEquals(Assert.java:655)
at org.testng.Assert.assertEquals(Assert.java:665)
at com.dsalgo.qa.testcases.TreeTest.treeTest(TreeTest.java:149)
at java.base/jdk.internal.reflect.NativeMethodAccessorImpl.invoke0(Native Method)
at java.base/jdk.internal.reflect.NativeMethodAccessorImpl.invoke(NativeMethodAccessorImpl.java:62)
at java.base/jdk.internal.reflect.DelegatingMethodAccessorImpl.invoke(DelegatingMethodAccessorImpl.java:43)
at java.base/java.lang.reflect.Method.invoke(Method.java:566)
at org.testng.internal.invokers.MethodInvocationHelper.invokeMethod(MethodInvocationHelper.java:135)
at org.testng.internal.invokers.TestInvoker.invokeMethod(TestInvoker.java:673)
at org.testng.internal.invokers.TestInvoker.retryFailed(TestInvoker.java:262)
at org.testng.internal.invokers.MethodRunner.runInSequence(MethodRunner.java:62)
at org.testng.internal.invokers.TestInvoker$MethodInvocationAgent.invoke(TestInvoker.java:945)
at org.testng.internal.invokers.TestInvoker.invokeTestMethods(TestInvoker.java:193)
at org.testng.internal.invokers.TestMethodWorker.invokeTestMethods(TestMethodWorker.java:146)
at org.testng.internal.invokers.TestMethodWorker.run(TestMethodWorker.java:128)
at java.base/java.util.ArrayList.forEach(ArrayList.java:1541)
at org.testng.TestRunner.privateRun(TestRunner.java:808)
at org.testng.TestRunner.run(TestRunner.java:603)
at org.testng.SuiteRunner.runTest(SuiteRunner.java:429)
at org.testng.SuiteRunner.runSequentially(SuiteRunner.java:423)
at org.testng.SuiteRunner.privateRun(SuiteRunner.java:383)
at org.testng.SuiteRunner.run(SuiteRunner.java:326)
at org.testng.SuiteRunnerWorker.runSuite(SuiteRunnerWorker.java:52)
at org.testng.SuiteRunnerWorker.run(SuiteRunnerWorker.java:95)
at org.testng.TestNG.runSuitesSequentially(TestNG.java:1249)
at org.testng.TestNG.runSuitesLocally(TestNG.java:1169)
at org.testng.TestNG.runSuites(TestNG.java:1092)
at org.testng.TestNG.run(TestNG.java:1060)
at org.apache.maven.surefire.testng.TestNGExecutor.run(TestNGExecutor.java:324)
at org.apache.maven.surefire.testng.TestNGXmlTestSuite.execute(TestNGXmlTestSuite.java:74)
at org.apache.maven.surefire.testng.TestNGProvider.invoke(TestNGProvider.java:123)
at org.apache.maven.surefire.booter.ForkedBooter.runSuitesInProcess(ForkedBooter.java:456)
at org.apache.maven.surefire.booter.ForkedBooter.execute(ForkedBooter.java:169)
at org.apache.maven.surefire.booter.ForkedBooter.run(ForkedBooter.java:595)
at org.apache.maven.surefire.booter.ForkedBooter.main(ForkedBooter.java:581)
]]>
    </failure>
  </testcase> <!-- treeTest -->
  <system-out/>
  <testcase classname="com.dsalgo.qa.testcases.TreeTest" name="treeTest" time="0.202">
    <skipped/>
  </testcase> <!-- treeTest -->
  <system-out/>
  <testcase classname="com.dsalgo.qa.testcases.TreeTest" name="treeTest" time="0.176">
    <skipped/>
  </testcase> <!-- treeTest -->
  <system-out/>
  <testcase classname="com.dsalgo.qa.testcases.TreeTest" name="treeTest" time="0.188">
    <skipped/>
  </testcase> <!-- treeTest -->
  <system-out/>
  <testcase classname="com.dsalgo.qa.testcases.TreeTest" name="treeLink1Test" time="1.635"/>
  <system-out/>
  <testcase classname="com.dsalgo.qa.testcases.TreeTest" name="link1EditorTest" time="0.945"/>
  <system-out/>
  <testcase classname="com.dsalgo.qa.testcases.TreeTest" name="treelink2Test" time="0.956"/>
  <system-out/>
  <testcase classname="com.dsalgo.qa.testcases.TreeTest" name="link2EditorTest" time="0.895"/>
  <system-out/>
  <testcase classname="com.dsalgo.qa.testcases.TreeTest" name="treelink3Test" time="1.242"/>
  <system-out/>
  <testcase classname="com.dsalgo.qa.testcases.TreeTest" name="link3EditorTest" time="1.750"/>
  <system-out/>
  <testcase classname="com.dsalgo.qa.testcases.TreeTest" name="treelink4Test" time="1.019"/>
  <system-out/>
  <testcase classname="com.dsalgo.qa.testcases.TreeTest" name="link4EditorTest" time="0.889"/>
  <system-out/>
  <testcase classname="com.dsalgo.qa.testcases.TreeTest" name="treelink5Test" time="1.076"/>
  <system-out/>
  <testcase classname="com.dsalgo.qa.testcases.TreeTest" name="link5EditorTest" time="1.001"/>
  <system-out/>
  <testcase classname="com.dsalgo.qa.testcases.TreeTest" name="treelink6Test" time="1.132"/>
  <system-out/>
  <testcase classname="com.dsalgo.qa.testcases.TreeTest" name="link6EditorTest" time="0.976"/>
  <system-out/>
  <testcase classname="com.dsalgo.qa.testcases.TreeTest" name="treelink7Test" time="1.205"/>
  <system-out/>
  <testcase classname="com.dsalgo.qa.testcases.TreeTest" name="link7EditorTest" time="0.914"/>
  <system-out/>
  <testcase classname="com.dsalgo.qa.testcases.TreeTest" name="treelink8Test" time="1.239"/>
  <system-out/>
  <testcase classname="com.dsalgo.qa.testcases.TreeTest" name="link8EditorTest" time="0.910"/>
  <system-out/>
</testsuite> <!-- com.dsalgo.qa.testcases.TreeTest -->
